<?xml version="1.0" encoding="UTF-8"?>
<!-- Generated by org.testng.reporters.JUnitReportReporter -->
<testsuite hostname="DESKTOP-HRV2P4M" failures="0" tests="5" name="testCases.TC_Login_DDT_002" time="8.401" errors="0" timestamp="2023-07-03T12:12:16 IST" skipped="0">
  <testcase classname="testCases.TC_Login_DDT_002" name="LoginDDT" time="2.201"/>
  <system-out/>
  <testcase classname="testCases.TC_Login_DDT_002" name="LoginDDT" time="1.584"/>
  <system-out/>
  <testcase classname="testCases.TC_Login_DDT_002" name="LoginDDT" time="1.558"/>
  <system-out/>
  <testcase classname="testCases.TC_Login_DDT_002" name="LoginDDT" time="1.531"/>
  <system-out/>
  <testcase classname="testCases.TC_Login_DDT_002" name="LoginDDT" time="1.527"/>
  <system-out/>
</testsuite> <!-- testCases.TC_Login_DDT_002 -->
