<?xml version="1.0" encoding="UTF-8"?>
<!-- Generated by org.testng.reporters.JUnitReportReporter -->
<testsuite hostname="DESKTOP-HRV2P4M" failures="0" tests="1" name="testCases.TC_AddCust_001" time="27.648" errors="0" timestamp="2023-07-03T12:12:16 IST" skipped="0">
  <testcase classname="testCases.TC_AddCust_001" name="test" time="27.648"/>
  <system-out/>
</testsuite> <!-- testCases.TC_AddCust_001 -->
