<?xml version="1.0" encoding="UTF-8"?>
<!-- Generated by org.testng.reporters.JUnitReportReporter -->
<testsuite hostname="DESKTOP-HRV2P4M" failures="0" tests="1" name="testCases.TestCase_login_001" time="2.697" errors="0" timestamp="2023-07-03T12:12:16 IST" skipped="0">
  <testcase classname="testCases.TestCase_login_001" name="LoginTest" time="2.697"/>
  <system-out/>
</testsuite> <!-- testCases.TestCase_login_001 -->
