<?xml version="1.0" encoding="UTF-8"?>
<!-- Generated by org.testng.reporters.JUnitReportReporter -->
<testsuite hostname="DESKTOP-HRV2P4M" failures="0" tests="1" name="testCases.TestCase_login_001" time="3.287" errors="0" timestamp="2023-07-03T11:11:08 IST" skipped="0">
  <testcase classname="testCases.TestCase_login_001" name="LoginTest" time="3.287"/>
  <system-out/>
</testsuite> <!-- testCases.TestCase_login_001 -->
